commit 168d7adf1034149d45950c13b3f73eceb1bb2255
Author: Jake <jakegoins@utexas.edu>
Date:   Fri Feb 26 17:58:24 2021 -0600

    All pages done and linked

commit 24bb7456fd2b2fc6ca96dc2314e1c31b3ebce846
Merge: f8ce801 6ecf2c7
Author: Jake Goins <jakegoins@utexas.edu>
Date:   Fri Feb 26 23:10:57 2021 +0000

    Merge branch 'master' into 'staticpages'
    
    static song/artist/album individual pages
    
    See merge request jakegoins/cs331eproject!6

commit f8ce801789a7c9cd682df9243c64fe030862fb15
Author: Jake <jakegoins@utexas.edu>
Date:   Fri Feb 26 17:09:17 2021 -0600

    song1 wip

commit 6ecf2c7467581be73dd5eacf6f3fe939bb4773d7
Author: Khue Tran <khuetran@utexas.edu>
Date:   Fri Feb 26 17:07:31 2021 -0600

    static song/artist/album individual pages

commit b8008cb31e6384f0042a45270085f20d395d723a
Author: Jake <jakegoins@utexas.edu>
Date:   Fri Feb 26 16:35:32 2021 -0600

    First example of backend link for static pages

commit f2fd5db88cacb71058b347ba37a1ed702f7b1e4a
Merge: 5adf3d1 57d19ef
Author: Jake Goins <jakegoins@utexas.edu>
Date:   Fri Feb 26 21:58:26 2021 +0000

    Merge branch 'maxdev' into 'master'
    
    Added start of databases and home page
    
    See merge request jakegoins/cs331eproject!5

commit 57d19effe1630d1423a85ae7449fa8dc988cbcd3
Author: MaxZ0030 <maxzhou0030@utexas.edu>
Date:   Fri Feb 26 15:55:41 2021 -0600

    Added start of databases and home page

commit 5adf3d1dea48a69456488eb4088135d5791c2f9e
Author: Jake <jakegoins@utexas.edu>
Date:   Fri Feb 26 15:40:48 2021 -0600

    Footer color matches nav bar

commit 5a209418d32d9934f6969a4b5e24bb7d505bca31
Author: Jake <jakegoins@utexas.edu>
Date:   Fri Feb 26 15:21:22 2021 -0600

    Grant in footer, about page alphabetized

commit 424a44e658625e86a51d7c606f6415d9533a45bb
Author: Jake <jakegoins@utexas.edu>
Date:   Fri Feb 26 15:08:47 2021 -0600

    Grant added

commit 67e6e24c079d8024bcb66677bdf2aa615e1a4e2c
Author: Jake <jakegoins@utexas.edu>
Date:   Fri Feb 26 15:08:05 2021 -0600

    Grant added

commit 37dbfff8b98549124dfb580e9aae6c17cad1112d
Author: Jake <jakegoins@utexas.edu>
Date:   Fri Feb 26 14:11:26 2021 -0600

    Typo

commit ed795fd8ed9bb06a20989004236208a1bdcc4b4a
Author: Jake <jakegoins@utexas.edu>
Date:   Fri Feb 26 10:36:23 2021 -0600

    All pages now in, still needs backend support

commit da876ceb9d329c7b60c07d4e8b5d0a1fe2d5373a
Author: Jake <jakegoins@utexas.edu>
Date:   Fri Feb 26 10:09:31 2021 -0600

    Minor about update

commit 84ebbc35c96aa8de3439f31cd5682f1641082770
Author: Jake <jakegoins@utexas.edu>
Date:   Wed Feb 24 22:16:41 2021 -0600

    PNG changed to png for background

commit 0ccd5236a7a6da30901e132a69f59afa1bee683e
Merge: a1cbd76 a18ae38
Author: Jake Goins <jakegoins@utexas.edu>
Date:   Thu Feb 25 04:01:07 2021 +0000

    Merge branch 'about' into 'master'
    
    About Page
    
    See merge request jakegoins/cs331eproject!4

commit a18ae387b0005b442629d601680b92e3074721ed
Author: Jake <jakegoins@utexas.edu>
Date:   Wed Feb 24 21:59:10 2021 -0600

    added frontend folder

commit 2d5d19c388c3bbf6a7ccb0864076b20308234b4f
Author: Jake <jakegoins@utexas.edu>
Date:   Wed Feb 24 21:50:13 2021 -0600

    About page final update, includes images and css additions, plus first git log.

commit a1cbd764234d892cbae73c7db9aff7735aeb456b
Author: Kanishak Joshi <kanishakj24@utexas.edu>
Date:   Wed Feb 24 21:32:54 2021 -0600

    updated main.py

commit 334ccfc3da74091a196b7877182d33f67ac23daf
Author: Kanishak Joshi <kanishakj24@utexas.edu>
Date:   Wed Feb 24 20:58:23 2021 -0600

    changed main.py to GCP specifications

commit 0d02fd018a48347bc0cbfa6ccb84759f4ddd0fbe
Merge: a3376fc 7f33427
Author: Jake Goins <jakegoins@utexas.edu>
Date:   Thu Feb 25 00:48:31 2021 +0000

    Merge branch 'jinja' into 'master'
    
    Jinja merge to master
    
    See merge request jakegoins/cs331eproject!3

commit 7f33427ba5e49fe75839ed884ad9ecffc5a34742
Author: Jake <jakegoins@utexas.edu>
Date:   Wed Feb 24 18:46:03 2021 -0600

    Update to about page, messed with css file for it.

commit f9c85dab01bf387526ab8ec15ebd87a233ffc578
Author: Jake <jakegoins@utexas.edu>
Date:   Wed Feb 24 16:18:45 2021 -0600

    Footer added

commit a13eb8f40aac75d1bc00e5e150e47c706f3165b4
Author: Jake <jakegoins@utexas.edu>
Date:   Wed Feb 24 15:40:32 2021 -0600

    Jinja incorporated on all existing pages

commit 9eaed695cb0ff0fca90ec9e3ddd8f00150af8522
Author: MaxZ0030 <maxzhou0030@utexas.edu>
Date:   Wed Feb 24 14:47:55 2021 -0600

    Jinja experimentation

commit a3376fc4f3420c4834e520b33f38958f85a74993
Author: Kanishak Joshi <kanishakj24@utexas.edu>
Date:   Tue Feb 23 21:21:17 2021 -0600

    connected templates

commit 6a1b90130e28a99b0ba1c952cfcdaef7d035950b
Author: Khue Tran <khuetran@utexas.edu>
Date:   Tue Feb 23 20:55:49 2021 -0600

    flask

commit 298b2390f5a1b819160bb6c35cea419c57948de3
Merge: b9c7860 e7477a1
Author: Jake Goins <jakegoins@utexas.edu>
Date:   Tue Feb 23 22:06:28 2021 +0000

    Merge branch 'table_bug' into 'master'
    
    Table bug
    
    See merge request jakegoins/cs331eproject!1

commit e7477a1eb860d8c49be25975e98c9d5b925db946
Author: Jake Goins <jakegoins@utexas.edu>
Date:   Tue Feb 23 22:05:32 2021 +0000

    Add .gitlab-ci.yml

commit aa20d16a2d06ac0af589a4862cd2a218bcffe590
Author: MaxZ0030 <maxzhou0030@utexas.edu>
Date:   Tue Feb 23 15:55:01 2021 -0600

    Completed sample tables

commit 9e29a6d2357bca3101751abae5828ed8edf25db2
Author: MaxZ0030 <maxzhou0030@utexas.edu>
Date:   Tue Feb 23 15:24:05 2021 -0600

    Table bug

commit b9c78607c22f2c9702b22e8931f05256f1f45afb
Author: Jake <jakegoins@utexas.edu>
Date:   Tue Feb 23 14:50:02 2021 -0600

    Added basic html format for all webpages needed, navbar in place

commit 661d1ec4d13e775532ca33922d272d07b7c77f1d
Author: Khue Tran <khuetran@utexas.edu>
Date:   Tue Feb 16 21:10:27 2021 -0600

    first commit

commit 46c7b539c33b3ad8851b18b340c78338c0eb4779
Author: Jake <jakegoins@utexas.edu>
Date:   Tue Feb 9 12:14:21 2021 -0600

    removed .idea

commit 38feb566499ac4f139580ece57fc7e3e73251f8d
Author: Jake <jakegoins@utexas.edu>
Date:   Tue Feb 9 12:11:33 2021 -0600

    gitignore

commit 24796dd84ecbf3728a7e8b8376a82e2247795a43
Author: Jake <jakegoins@utexas.edu>
Date:   Thu Feb 4 12:22:28 2021 -0600

    basic flask app included

commit 4585a261d822a9df5804f4da021c0384bdf9cef8
Author: Jake <jakegoins@utexas.edu>
Date:   Thu Feb 4 11:46:28 2021 -0600

    barebones main.py, created empty directories for other things

commit 27efe6b72f185dfea084b92737e65477eebc6953
Author: Jake Goins <jakegoins@utexas.edu>
Date:   Thu Feb 4 05:29:21 2021 +0000

    Initial commit
